d:\sources\adjproj\release\adjproj.ipdb
d:\sources\adjproj\release\adjproj.iobj
d:\sources\adjproj\release\adjproj\vc141.pdb
d:\sources\adjproj\release\adjproj\xmlparser.obj
d:\sources\adjproj\release\adjproj\store.obj
d:\sources\adjproj\release\adjproj\stdafx.obj
d:\sources\adjproj\release\adjproj\mainframe.obj
d:\sources\adjproj\release\adjproj\adjprojview.obj
d:\sources\adjproj\release\adjproj\adjprojdoc.obj
d:\sources\adjproj\release\adjproj\adjproj.obj
d:\sources\adjproj\release\adjproj\about.obj
d:\sources\adjproj\release\adjproj.exe
d:\sources\adjproj\release\adjproj.pdb
d:\sources\adjproj\release\adjproj\adjproj.res
d:\sources\adjproj\adjproj\..\release\adjproj.pdb
d:\sources\adjproj\adjproj\..\release\adjproj.exe
d:\sources\adjproj\release\adjproj\adjproj.tlog\adjproj.write.1u.tlog
d:\sources\adjproj\release\adjproj\adjproj.tlog\cl.command.1.tlog
d:\sources\adjproj\release\adjproj\adjproj.tlog\cl.read.1.tlog
d:\sources\adjproj\release\adjproj\adjproj.tlog\cl.write.1.tlog
d:\sources\adjproj\release\adjproj\adjproj.tlog\link.command.1.tlog
d:\sources\adjproj\release\adjproj\adjproj.tlog\link.read.1.tlog
d:\sources\adjproj\release\adjproj\adjproj.tlog\link.write.1.tlog
d:\sources\adjproj\release\adjproj\adjproj.tlog\rc.command.1.tlog
d:\sources\adjproj\release\adjproj\adjproj.tlog\rc.read.1.tlog
d:\sources\adjproj\release\adjproj\adjproj.tlog\rc.write.1.tlog
