d:\sources\adjproj\release\libuni7\displaydev.obj
d:\sources\adjproj\release\libuni7\display.obj
d:\sources\adjproj\release\libuni7\debug.obj
d:\sources\adjproj\release\libuni7\date.obj
d:\sources\adjproj\release\libuni7\currency.obj
d:\sources\adjproj\release\libuni7\csvrcdb.obj
d:\sources\adjproj\release\libuni7\csvout.obj
d:\sources\adjproj\release\libuni7\csvlex.obj
d:\sources\adjproj\release\libuni7\cscrview.obj
d:\sources\adjproj\release\libuni7\cryptinit.obj
d:\sources\adjproj\release\libuni7\crypten.obj
d:\sources\adjproj\release\libuni7\cryptde.obj
d:\sources\adjproj\release\libuni7\copyfile.obj
d:\sources\adjproj\release\libuni7\combobox.obj
d:\sources\adjproj\release\libuni7\cmainfrm.obj
d:\sources\adjproj\release\libuni7\cdoc.obj
d:\sources\adjproj\release\libuni7\capp.obj
d:\sources\adjproj\release\libuni7\button.obj
d:\sources\adjproj\release\libuni7\archive.obj
d:\sources\adjproj\release\libuni7\acedao.obj
d:\sources\adjproj\release\libuni7\notepad.obj
d:\sources\adjproj\release\libuni7\note.obj
d:\sources\adjproj\release\libuni7\node.obj
d:\sources\adjproj\release\libuni7\messagebox.obj
d:\sources\adjproj\release\libuni7\match.obj
d:\sources\adjproj\release\libuni7\maptable.obj
d:\sources\adjproj\release\libuni7\loadscratchpad.obj
d:\sources\adjproj\release\libuni7\lextout.obj
d:\sources\adjproj\release\libuni7\inifile.obj
d:\sources\adjproj\release\libuni7\horiz.obj
d:\sources\adjproj\release\libuni7\handle.obj
d:\sources\adjproj\release\libuni7\guid.obj
d:\sources\adjproj\release\libuni7\getpathdlg.obj
d:\sources\adjproj\release\libuni7\fontmgr.obj
d:\sources\adjproj\release\libuni7\filesrch.obj
d:\sources\adjproj\release\libuni7\filepaths.obj
d:\sources\adjproj\release\libuni7\filename.obj
d:\sources\adjproj\release\libuni7\fileio.obj
d:\sources\adjproj\release\libuni7\editboxes.obj
d:\sources\adjproj\release\libuni7\editbox.obj
d:\sources\adjproj\release\libuni7\xterm.obj
d:\sources\adjproj\release\libuni7\wrap.obj
d:\sources\adjproj\release\libuni7\windowpos.obj
d:\sources\adjproj\release\libuni7\windowdata.obj
d:\sources\adjproj\release\libuni7\vertmgmt.obj
d:\sources\adjproj\release\libuni7\trim.obj
d:\sources\adjproj\release\libuni7\tostring.obj
d:\sources\adjproj\release\libuni7\toolbar.obj
d:\sources\adjproj\release\libuni7\textposition.obj
d:\sources\adjproj\release\libuni7\tbeditbox.obj
d:\sources\adjproj\release\libuni7\tbbutton.obj
d:\sources\adjproj\release\libuni7\tbcombobox.obj
d:\sources\adjproj\release\libuni7\tabstops.obj
d:\sources\adjproj\release\libuni7\strings.obj
d:\sources\adjproj\release\libuni7\stdafx.obj
d:\sources\adjproj\release\libuni7\srchfile.obj
d:\sources\adjproj\release\libuni7\resources.obj
d:\sources\adjproj\release\libuni7\random.obj
d:\sources\adjproj\release\libuni7.lib
d:\sources\adjproj\release\libuni7\acedao.tli
d:\sources\adjproj\release\libuni7\acedao.tlh
d:\sources\adjproj\adjproj\..\release\libuni7.lib
d:\sources\adjproj\release\libuni7\libuni7.tlog\cl.command.1.tlog
d:\sources\adjproj\release\libuni7\libuni7.tlog\cl.read.1.tlog
d:\sources\adjproj\release\libuni7\libuni7.tlog\cl.write.1.tlog
d:\sources\adjproj\release\libuni7\libuni7.tlog\lib-link.read.1.tlog
d:\sources\adjproj\release\libuni7\libuni7.tlog\lib-link.write.1.tlog
d:\sources\adjproj\release\libuni7\libuni7.tlog\lib.command.1.tlog
